; Top Design: "305_voltage_amp_project_lib:test__d_c:schematic"
; Netlisted using Hierarchy Policy: "Standard"

Options ResourceUsage=yes UseNutmegFormat=no EnableOptim=no TopDesignName="305_voltage_amp_project_lib:test__d_c:schematic" DcopOutputNodeVoltages=yes DcopOutputPinCurrents=yes DcopOutputAllSweepPoints=no DcopOutputDcopType=0
model pmos1 BSIM4 NMOS=0 PMOS=1 Capmod=2 Diomod=1 Rdsmod=0 Trnqsmod=0 Acnqsmod=0 Mobmod=0 Rbodymod=1 Rgatemod=1 Permod=1 Geomod=1 Fnoimod=1 Tnoimod=0 Igcmod=1 Igbmod=1 Paramchk=1 Binunit=1 Version=4.0 Toxe=2.35e-009 Toxp=1.6e-009 Toxm=2.35e-009 Toxref=2.35e-009 Dtox=0.75e-9 Epsrox=3.9 Cdsc=0.000258 Cdscb=0 Cdscd=6.1e-008 Cit=0 Nfactor=1.5 Xj=3.92e-008 Vsat=70000 At=33000 A0=1.0 Ags=1e-020 A1=0 A2=1 Keta=-0.047 Ndep=1.14e+018 Nsd=2e+020 Phin=0 Ngate=2e+020 K1=0.4 Kt1=-0.11 Kt1l=0 Kt2=0.022 K2=-0.01 K3=0 K3b=0 W0=2.5e-006 Dvtp0=1e-009 Dvtp1=0.05 Lpe0=0 Lpeb=0 Dvt0=1 Dvt1=2 Dvt2=-0.032 Dvt0w=0 Dvt1w=0 Dvt2w=0 Drout=0.56 Dsub=0.1 Vth0=-0.321 Ua=2.0e-009 Ua1=4.31e-009 Ub=0.5e-018 Ub1=7.61e-018 Uc=-3e-011 Uc1=-5.6e-011 U0=0.00835 Ute=-1.5 Voff=-0.126 Minv=0.05 Voffl=0 Tnom=27 Cgso=2.4e-010 Cgdo=2.4e-010 Cgbo=2.56e-011 Xpart=0 Delta=0.01 Rsh=5 Rdsw=240 Rdswmin=0 Rsw=120 Rdw=120 Rdwmin=0 Rswmin=0 Prwg=3.22e-008 Prwb=6.8e-011 Prt=0 Eta0=0.0092 Etab=0 Pclm=0.12 Pdiblc1=0.001 Pdiblc2=0.001 Pdiblcb=3.4e-008 Fprout=0.2 Pdits=0.08 Pditsl=2.3e+006 Pditsd=0.23 Pscbe1=8.14e+008 Pscbe2=9.58e-007 Pvag=1e-020 Jss=0.0001 Jsws=1e-011 Jswgs=1e-010 Pbs=1 Njs=1 Xtis=3 Mjs=0.5 Pbsws=1 Mjsws=0.33 Pbswgs=1 Mjswgs=0.33 Cjs=0.0005 Cjsws=5e-010 Cjswgs=3e-010 Jsd=0.0001 Jswd=1e-011 Jswgd=1e-010 Pbd=1 Njd=1 Xtid=3 Mjd=0.5 Pbswd=1 Mjswd=0.33 Pbswgd=1 Mjswgd=0.33 Cjd=0.0005 Cjswd=5e-010 Cjswgd=5e-010 Vfb=0.55 Tpb=0.005 Tcj=0.001 Tpbsw=0.005 Tcjsw=0.001 Tpbswg=0.005 Tcjswg=0.001 Acde=1 Moin=15 Noff=0.9 Voffcv=0.02 Dmcg=0e-006 Dmci=0e-006 Dmdg=0e-006 Dmcgt=0e-007 Xgw=0e-007 Xgl=0e-008 Rshg=0.4 Ngcon=1 Xrcrg1=12 Xrcrg2=5 Xl=-60e-9 Lint=10.5e-009 Ll=0 Lln=1 Lw=0 Lwn=1 Lwl=0 Wr=1 Wint=5e-009 Dwg=0 Dwb=0 Wl=0 Wln=1 Ww=0 Wwn=1 Wwl=0 B0=-1e-020 B1=0 Cgsl=2.653e-10 Cgdl=2.653e-10 Ckappas=0.03 Ckappad=0.03 Dwj=0.0e-008 Alpha0=0.074 Alpha1=0.005 Beta0=30 Agidl=0.0002 Bgidl=2.1e+009 Cgidl=0.0002 Egidl=0.8 Aigc=0.69 Bigc=0.0012 Cigc=0.0008 Aigsd=0.0087 Bigsd=0.0012 Cigsd=0.0008 Aigbacc=0.012 Bigbacc=0.0028 Cigbacc=0.002 Aigbinv=0.014 Bigbinv=0.004 Cigbinv=0.004 Nigc=1 Nigbinv=3 Nigbacc=1 Ntox=1 Eigbinv=1.1 Pigcd=1 Poxedge=1 Ijthdfwd=0.01 Ijthsfwd=0.01 Ijthdrev=0.001 Ijthsrev=0.001 Xjbvd=1 Xjbvs=1 Bvd=10 Bvs=10 Gbmin=1e-010 Rbdb=15 Rbpb=5 Rbsb=15 Rbps=15 Rbpd=15 Noia=9.9e18 Noib=2.4e3 Noic=1.4e-12 
model nmos1 BSIM4 NMOS=1 PMOS=0 Capmod=2 Diomod=1 Rdsmod=0 Trnqsmod=0 Acnqsmod=0 Mobmod=0 Rbodymod=1 Rgatemod=1 Permod=1 Geomod=1 Fnoimod=1 Tnoimod=0 Igcmod=1 Igbmod=1 Paramchk=1 Binunit=1 Version=4.0 Toxe=2.25e-9 Toxp=1.6e-9 Toxm=2.25e-9 Toxref=2.25e-9 Dtox=0.65e-9 Epsrox=3.9 Cdsc=0.0002 Cdscb=0 Cdscd=0 Cit=0 Nfactor=1.5 Xj=3.92e-008 Vsat=100370 At=33000 A0=1 Ags=1e-020 A1=0 A2=1 Keta=0.04 Ndep=1.54e+018 Nsd=2e+020 Phin=0 Ngate=2e+020 K1=0.4 Kt1=-0.11 Kt1l=0 Kt2=0.022 K2=0.01 K3=0 K3b=0 W0=2.5e-006 Dvtp0=1.2e-010 Dvtp1=0.1 Lpe0=0 Lpeb=0 Dvt0=1 Dvt1=2 Dvt2=-0.032 Dvt0w=0 Dvt1w=0 Dvt2w=0 Drout=0.5 Dsub=0.1 Vth0=0.3782 Ua=6e-010 Ua1=4.31e-009 Ub=1.2e-018 Ub1=7.61e-018 Uc=0 Uc1=-5.6e-011 U0=0.05928 Ute=-1.5 Voff=-0.13 Minv=0.05 Voffl=0 Tnom=27 Cgso=2.4e-010 Cgdo=2.4e-010 Cgbo=2.56e-011 Xpart=0 Delta=0.01 Rsh=5 Rdsw=200 Rdswmin=0 Rsw=100 Rdw=100 Rdwmin=0 Rswmin=0 Prwg=0 Prwb=6.8e-011 Prt=0 Eta0=0.0092 Etab=0 Pclm=0.06 Pdiblc1=0.001 Pdiblc2=0.001 Pdiblcb=-0.005 Fprout=0.2 Pdits=0.08 Pditsl=2.3e+006 Pditsd=0.23 Pscbe1=8.14e+008 Pscbe2=1e-007 Pvag=1e-020 Jss=0.0001 Jsws=1e-011 Jswgs=1e-010 Pbs=1 Njs=1 Xtis=3 Mjs=0.5 Pbsws=1 Mjsws=0.33 Pbswgs=1 Mjswgs=0.33 Cjs=0.0005 Cjsws=5e-010 Cjswgs=3e-010 Jsd=0.0001 Jswd=1e-011 Jswgd=1e-010 Pbd=1 Njd=1 Xtid=3 Mjd=0.5 Pbswd=1 Mjswd=0.33 Pbswgd=1 Mjswgd=0.33 Cjd=0.0005 Cjswd=5e-010 Cjswgd=5e-010 Vfb=-0.55 Tpb=0.005 Tcj=0.001 Tpbsw=0.005 Tcjsw=0.001 Tpbswg=0.005 Tcjswg=0.001 Acde=1 Moin=15 Noff=0.9 Voffcv=0.02 Dmcg=0e-006 Dmci=0e-006 Dmdg=0e-006 Dmcgt=0e-007 Xgw=0e-007 Xgl=0e-008 Rshg=0.4 Ngcon=1 Xrcrg1=12 Xrcrg2=5 Xl=-60e-9 Lint=10.5e-009 Ll=0 Lln=1 Lw=0 Lwn=1 Lwl=0 Wr=1 Wint=5e-009 Dwg=0 Dwb=0 Wl=0 Wln=1 Ww=0 Wwn=1 Wwl=0 B0=0 B1=0 Cgsl=2.653e-10 Cgdl=2.653e-10 Ckappas=0.03 Ckappad=0.03 Dwj=0.0e-008 Alpha0=0.074 Alpha1=0.005 Beta0=30 Agidl=0.0002 Bgidl=2.1e+009 Cgidl=0.0002 Egidl=0.8 Aigc=0.012 Bigc=0.0028 Cigc=0.002 Aigsd=0.012 Bigsd=0.0028 Cigsd=0.002 Aigbacc=0.012 Bigbacc=0.0028 Cigbacc=0.002 Aigbinv=0.014 Bigbinv=0.004 Cigbinv=0.004 Nigc=1 Nigbinv=3 Nigbacc=1 Ntox=1 Eigbinv=1.1 Pigcd=1 Poxedge=1 Ijthdfwd=0.01 Ijthsfwd=0.01 Ijthdrev=0.001 Ijthsrev=0.001 Xjbvd=1 Xjbvs=1 Bvd=10 Bvs=10 Gbmin=1e-010 Rbdb=15 Rbpb=5 Rbsb=15 Rbps=15 Rbpd=15 
I_Source:SRC13  N__6 N__22 Type="I_DC" Idc=10 uA 
R:R9  N__16 N__22 R=110 kOhm Noise=yes 

VDD=1.5
"nmos1":MOSFET9  N__6 N__23 N__26 N__26 Length=0.18 um Width=20 um Mode=1 Noise=yes _M=8 
DC:DC1 StatusLevel=2 DevOpPtLevel=0 UseFiniteDiff=no PrintOpPoint=no Restart=1 \
OutputPlan="DC1_Output" 

OutputPlan:DC1_Output \
      Type="Output" \
      UseNodeNestLevel=yes \
      NodeNestLevel=2 \
      UseEquationNestLevel=yes \
      EquationNestLevel=2 \
      UseSavedEquationNestLevel=yes \
      SavedEquationNestLevel=2 \
      UseDeviceCurrentNestLevel=no \
      DeviceCurrentNestLevel=0 \
      DeviceCurrentDeviceType="All" \
      DeviceCurrentSymSyntax=yes \
      UseCurrentNestLevel=yes \
      CurrentNestLevel=999 \
      UseDeviceVoltageNestLevel=no \
      DeviceVoltageNestLevel=0 \
      DeviceVoltageDeviceType="All"

R:R8  N__26 0 R=300 Ohm Noise=yes 
AC:AC1 CalcNoise=no SortNoise=0 IncludePortNoise=yes BandwidthForNoise=1 Hz FreqConversion=no UseFiniteDiff=no StatusLevel=2 OutputBudgetIV=no DevOpPtLevel=0 \
OutputPlan="AC1_Output" Freq=1.0 kHz 

OutputPlan:AC1_Output \
      Type="Output" \
      UseNodeNestLevel=yes \
      NodeNestLevel=2 \
      UseEquationNestLevel=yes \
      EquationNestLevel=2 \
      UseSavedEquationNestLevel=yes \
      SavedEquationNestLevel=2 \
      UseDeviceCurrentNestLevel=no \
      DeviceCurrentNestLevel=0 \
      DeviceCurrentDeviceType="All" \
      DeviceCurrentSymSyntax=yes \
      UseCurrentNestLevel=yes \
      CurrentNestLevel=999 \
      UseDeviceVoltageNestLevel=no \
      DeviceVoltageNestLevel=0 \
      DeviceVoltageDeviceType="All"

Short:itest1  N__13 vg1 Mode=0 SaveCurrent=yes 
C:C5  N__19 N__23 C=1.0 uF 
R:R10  N__6 N__19 R=8.25 kOhm Noise=yes 
C:C4  N__14 N__16 C=1.0 uF 
V_Source:SRC12  N__14 0 Type="V_AC" Vdc=0.0 V Vac=polar(0,0) V Freq=1 kHz V_Noise=0 uV SaveCurrent=1 
"nmos1":MOSFET7  vd1 vg1 0 0 Length=1 um Width=10 um Mode=1 Noise=yes _M=2 
V_Source:SRC14  N__25 0 Type="V_AC" Vdc=0.0 V Vac=polar(1,0) V Freq=1 kHz V_Noise=0 uV SaveCurrent=1 
"nmos1":MOSFET11  N__19 N__16 0 0 Length=1 um Width=10 um Mode=1 Noise=yes _M=2 
"nmos1":MOSFET6  N__3 N__3 0 0 Length=1.43 um Width=1 um Mode=1 Noise=yes _M=2 
"nmos1":MOSFET10  N__22 N__22 0 0 Length=1.43 um Width=1 um Mode=1 Noise=yes _M=2 
V_Source:SRC11  N__6 0 Type="V_DC" Vdc=VDD V SaveCurrent=1 
V_Source:SRC8  N__21 0 Type="V_DC" Vdc=VDD V SaveCurrent=1 
Short:IDS1  N__17 N__2 Mode=0 SaveCurrent=yes 
V_Source:SRC9  N__1 0 Type="V_AC" Vdc=0.0 V Vac=polar(1,0) V Freq=1 kHz V_Noise=0 uV SaveCurrent=1 
C:C2  N__1 N__13 C=1.0 uF 
R:R5  N__2 vd1 R=8.25 kOhm Noise=yes 
R:R6  vg1 N__3 R=110 kOhm Noise=yes 
I_Source:SRC10  N__17 N__3 Type="I_DC" Idc=10 uA 
C:C3  vd1 vg2 C=1.0 uF 
"nmos1":MOSFET8  N__0 vg2 vout vout Length=0.18 um Width=20 um Mode=1 Noise=yes _M=8 
Short:IDS2  N__17 N__0 Mode=0 SaveCurrent=yes 
R:R7  vout 0 R=300 Ohm Noise=yes 
Short:IDC  N__21 N__17 Mode=0 SaveCurrent=yes 
R:R11  vg2 N__3 R=800 kOhm Noise=yes 
R:R12  N__23 N__22 R=800 kOhm Noise=yes 
Short:itest2  N__25 N__26 Mode=0 SaveCurrent=yes 
"nmos1":MOSFET13  N__12 N__7 0 0 Length=1 um Width=10 um Mode=1 Noise=yes _M=2 
Short:IDS4  N__28 N__27 Mode=0 SaveCurrent=yes 
R:R15  N__7 N__30 R=110 kOhm Noise=yes 
V_Source:SRC17  N__28 0 Type="V_AC" Vdc=VDD V Vac=polar(1,0) V Freq=1 kHz V_Noise=0 uV SaveCurrent=1 
V_Source:SRC18  N__30 0 Type="V_DC" Vdc=500 mV SaveCurrent=1 
R:R16  N__27 N__12 R=8.25 kOhm Noise=yes 
"nmos1":MOSFET14  N__34 N__29 0 0 Length=0.18 um Width=20 um Mode=1 Noise=yes _M=8 
V_Source:SRC19  N__29 0 Type="V_DC" Vdc=310 mV SaveCurrent=1 
Short:IDS5  N__33 N__34 Mode=0 SaveCurrent=yes 
V_Source:SRC20  N__33 0 Type="V_AC" Vdc=1.288 V Vac=polar(1,0) V Freq=1 kHz V_Noise=0 uV SaveCurrent=1 
